<?xml version="1.0" encoding="UTF-8"?>
<!-- Generated by org.testng.reporters.JUnitXMLReporter -->
<testsuite ignored="0" hostname="Ernesto" failures="1" tests="1" name="Default test" time="202.031" errors="0" timestamp="2022-07-16T01:11:12 CDT">
  <testcase classname="io.cucumber.testng.AbstractTestNGCucumberTests" name="runScenario" time="187.849">
    <failure type="java.lang.NullPointerException" message="Cannot invoke &amp;quot;org.openqa.selenium.WebDriver.findElement(org.openqa.selenium.By)&amp;quot; because &amp;quot;this.driver&amp;quot; is null">
      <![CDATA[java.lang.NullPointerException: Cannot invoke "org.openqa.selenium.WebDriver.findElement(org.openqa.selenium.By)" because "this.driver" is null
at pageObjects.LandingPage.searchItem(LandingPage.java:20)
at stepDefinations.LandingPageStepDefiniton.user_searched_with_shortname_something_abnd_extract_actual_name_of_prodcut(LandingPageStepDefiniton.java:44)
at ✽.user searched with Shortname "To" abnd extract actual name of prodcut(file:///C:/Users/Ernesto/eclipse-workspace/CucumberFramework/src/test/java/features/searchProduct.feature:5)
]]>
    </failure>
  </testcase> <!-- runScenario -->
</testsuite> <!-- Default test -->
