<?xml version="1.0" encoding="UTF-8"?>
<testng-results ignored="0" total="1" passed="0" failed="1" skipped="0">
  <reporter-output>
  </reporter-output>
  <suite started-at="2022-07-16T01:07:50 CDT" name="Default suite" finished-at="2022-07-16T01:11:12 CDT" duration-ms="202031">
    <groups>
      <group name="cucumber">
        <method signature="AbstractTestNGCucumberTests.runScenario(io.cucumber.testng.PickleWrapper,io.cucumber.testng.FeatureWrapper)[pri:0, instance:cucumberOptions.TestNGTestRunner@15bb5034]" name="runScenario" class="io.cucumber.testng.AbstractTestNGCucumberTests"/>
      </group> <!-- cucumber -->
    </groups>
    <test started-at="2022-07-16T01:07:50 CDT" name="Default test" finished-at="2022-07-16T01:11:12 CDT" duration-ms="202031">
      <class name="cucumberOptions.TestNGTestRunner">
        <test-method is-config="true" signature="setUpClass(org.testng.ITestContext)[pri:0, instance:cucumberOptions.TestNGTestRunner@15bb5034]" started-at="2022-07-16T01:07:51 CDT" name="setUpClass" finished-at="2022-07-16T01:08:03 CDT" duration-ms="12758" status="PASS">
          <params>
            <param index="0">
              <value>
                <![CDATA[org.testng.TestRunner@6325f352]]>
              </value>
            </param>
          </params>
          <reporter-output>
          </reporter-output>
        </test-method> <!-- setUpClass -->
        <test-method signature="runScenario(io.cucumber.testng.PickleWrapper,io.cucumber.testng.FeatureWrapper)[pri:0, instance:cucumberOptions.TestNGTestRunner@15bb5034]" started-at="2022-07-16T01:08:04 CDT" name="runScenario" description="Runs Cucumber Scenarios" data-provider="scenarios" finished-at="2022-07-16T01:11:11 CDT" duration-ms="187849" status="FAIL">
          <params>
            <param index="0">
              <value>
                <![CDATA["Search Experiencie for product search in both home page"]]>
              </value>
            </param>
            <param index="1">
              <value>
                <![CDATA["Search and Place the order for products"]]>
              </value>
            </param>
          </params>
          <exception class="java.lang.NullPointerException">
            <message>
              <![CDATA[Cannot invoke "org.openqa.selenium.WebDriver.findElement(org.openqa.selenium.By)" because "this.driver" is null]]>
            </message>
            <full-stacktrace>
              <![CDATA[java.lang.NullPointerException: Cannot invoke "org.openqa.selenium.WebDriver.findElement(org.openqa.selenium.By)" because "this.driver" is null
at pageObjects.LandingPage.searchItem(LandingPage.java:20)
at stepDefinations.LandingPageStepDefiniton.user_searched_with_shortname_something_abnd_extract_actual_name_of_prodcut(LandingPageStepDefiniton.java:44)
at ✽.user searched with Shortname "To" abnd extract actual name of prodcut(file:///C:/Users/Ernesto/eclipse-workspace/CucumberFramework/src/test/java/features/searchProduct.feature:5)
]]>
            </full-stacktrace>
          </exception> <!-- java.lang.NullPointerException -->
          <reporter-output>
          </reporter-output>
        </test-method> <!-- runScenario -->
        <test-method is-config="true" signature="tearDownClass()[pri:0, instance:cucumberOptions.TestNGTestRunner@15bb5034]" started-at="2022-07-16T01:11:12 CDT" name="tearDownClass" finished-at="2022-07-16T01:11:12 CDT" duration-ms="145" status="PASS">
          <reporter-output>
          </reporter-output>
        </test-method> <!-- tearDownClass -->
      </class> <!-- cucumberOptions.TestNGTestRunner -->
    </test> <!-- Default test -->
  </suite> <!-- Default suite -->
</testng-results>
