<?xml version="1.0" encoding="UTF-8"?>
<!-- Generated by org.testng.reporters.JUnitReportReporter -->
<testsuite hostname="Ernesto" failures="0" tests="1" name="cucumberOptions.TestNGTestRunner" time="187.849" errors="1" timestamp="2022-07-16T01:11:15 CDT" skipped="0">
  <testcase classname="cucumberOptions.TestNGTestRunner" name="runScenario" time="187.849">
    <error message="Cannot invoke &quot;org.openqa.selenium.WebDriver.findElement(org.openqa.selenium.By)&quot; because &quot;this.driver&quot; is null" type="java.lang.NullPointerException">
      <![CDATA[java.lang.NullPointerException: Cannot invoke "org.openqa.selenium.WebDriver.findElement(org.openqa.selenium.By)" because "this.driver" is null
at pageObjects.LandingPage.searchItem(LandingPage.java:20)
at stepDefinations.LandingPageStepDefiniton.user_searched_with_shortname_something_abnd_extract_actual_name_of_prodcut(LandingPageStepDefiniton.java:44)
at ✽.user searched with Shortname "To" abnd extract actual name of prodcut(file:///C:/Users/Ernesto/eclipse-workspace/CucumberFramework/src/test/java/features/searchProduct.feature:5)
]]>
    </error>
  </testcase> <!-- runScenario -->
  <system-out/>
</testsuite> <!-- cucumberOptions.TestNGTestRunner -->
